\BOOKMARK [0][-]{chapter.1}{\376\377\000W\000s\000t\001\031\000p}{}% 1
\BOOKMARK [0][-]{chapter.2}{\376\377\000M\000e\000t\000o\000d\000a\000\040\000T\000h\000e\000i\000l\000-\000S\000e\000n}{}% 2
\BOOKMARK [1][-]{section.2.1}{\376\377\000H\000e\000n\000r\000i\000\040\000T\000h\000e\000i\000l}{chapter.2}% 3
\BOOKMARK [1][-]{section.2.2}{\376\377\000P\000r\000a\000n\000a\000b\000\040\000K\000u\000m\000a\000r\000\040\000S\000e\000n}{chapter.2}% 4
\BOOKMARK [1][-]{section.2.3}{\376\377\000M\000e\000t\000o\000d\000a\000\040\000T\000h\000e\000i\000l\000-\000S\000e\000n}{chapter.2}% 5
\BOOKMARK [1][-]{section.2.4}{\376\377\000M\000e\000t\000o\000d\000a\000\040\000n\000a\000j\000m\000n\000i\000e\000j\000s\000z\000y\000c\000h\000\040\000k\000w\000a\000d\000r\000a\000t\000\363\000w}{chapter.2}% 6
\BOOKMARK [1][-]{section.2.5}{\376\377\000P\000o\000r\000\363\000w\000n\000a\000n\000i\000e\000\040\000m\000e\000t\000o\000d\000y}{chapter.2}% 7
\BOOKMARK [0][-]{chapter.3}{\376\377\000P\000o\000r\000\363\000w\000n\000a\000n\000i\000e\000\040\000m\000e\000t\000o\000d\000\040\000p\000r\000z\000y\000\040\000u\001\174\000y\000c\000i\000u\000\040\001\133\000r\000o\000d\000o\000w\000i\000s\000k\000a\000\040\000P\000y\000t\000h\000o\000n}{}% 8
\BOOKMARK [1][-]{section.3.1}{\376\377\000K\000o\000d\000\040\001\172\000r\000\363\000d\001\102\000o\000w\000y\000\040\000T\000h\000e\000i\000l\000-\000S\000e\000n}{chapter.3}% 9
\BOOKMARK [1][-]{section.3.2}{\376\377\000K\000o\000d\000\040\001\172\000r\000\363\000d\001\102\000o\000w\000y\000\040\000m\000e\000t\000o\000d\000y\000\040\000n\000a\000j\000m\000n\000i\000e\000j\000s\000z\000y\000c\000h\000\040\000k\000w\000a\000d\000r\000a\000t\000\363\000w}{chapter.3}% 10
\BOOKMARK [1][-]{section.3.3}{\376\377\000P\000o\000r\000\363\000w\000n\000a\000n\000i\000e\000\040\000m\000e\000t\000o\000d\000\040\000T\000h\000e\000i\000-\000S\000e\000n\000\040\000i\000\040\000O\000L\000S}{chapter.3}% 11
\BOOKMARK [2][-]{subsection.3.3.1}{\376\377\000P\000o\000r\000\363\000w\000n\000a\000n\000i\000e\000\040\000w\000y\000n\000i\000k\000\363\000w}{section.3.3}% 12
\BOOKMARK [0][-]{chapter.4}{\376\377\000I\000m\000p\000l\000e\000m\000e\000n\000t\000a\000c\000j\000a\000\040\000e\000s\000t\000y\000m\000a\000t\000o\000r\000a\000\040\000T\000h\000e\000i\000l\000-\000S\000e\000n\000\040\000w\000\040\001\133\000r\000o\000d\000o\000w\000i\000s\000k\000u\000\040\000S\000T\000M\0003\0002}{}% 13
\BOOKMARK [1][-]{section.4.1}{\376\377\000m\000a\000i\000n\000.\000c}{chapter.4}% 14
\BOOKMARK [1][-]{section.4.2}{\376\377\000t\000h\000i\000l\000\137\000s\000e\000n\000.\000c}{chapter.4}% 15
\BOOKMARK [2][-]{subsection.4.2.1}{\376\377\000t\000h\000i\000l\000\137\000s\000e\000n\000.\000h}{section.4.2}% 16
\BOOKMARK [1][-]{section.4.3}{\376\377\000U\000k\001\102\000a\000d\000\040\000z\000\040\000r\000e\000z\000y\000s\000t\000a\000n\000c\000y\000j\000n\000y\000m\000\040\000d\000z\000i\000e\000l\000n\000i\000k\000i\000e\000m\000\040\000n\000a\000p\000i\001\031\000c\000i\000a}{chapter.4}% 17
\BOOKMARK [2][-]{subsection.4.3.1}{\376\377\000W\000y\000k\000r\000e\000s\000\040\000i\000\040\000w\000y\000n\000i\000k}{section.4.3}% 18
\BOOKMARK [2][-]{subsection.4.3.2}{\376\377\000P\000r\000z\000e\000l\000i\000c\000z\000e\000n\000i\000e\000\040\000w\000a\000r\000t\000o\001\133\000c\000i}{section.4.3}% 19
\BOOKMARK [1][-]{section.4.4}{\376\377\000U\000k\001\102\000a\000d\000\040\000z\000\040\000d\000i\000o\000d\001\005\000\040\000i\000\040\000r\000e\000z\000y\000s\000t\000o\000r\000e\000m}{chapter.4}% 20
\BOOKMARK [2][-]{subsection.4.4.1}{\376\377\000W\000y\000k\000r\000e\000s\000\040\000i\000\040\000w\000y\000n\000i\000k}{section.4.4}% 21
\BOOKMARK [1][-]{section.4.5}{\376\377\000N\000a\000p\000o\000t\000k\000a\000n\000e\000\040\000p\000r\000o\000b\000l\000e\000m\000y}{chapter.4}% 22
\BOOKMARK [0][-]{chapter.5}{\376\377\000P\000o\000d\000s\000u\000m\000o\000w\000a\000n\000i\000e}{}% 23
\BOOKMARK [0][-]{section*.21}{\376\377\000B\000i\000b\000l\000i\000o\000g\000r\000a\000f\000i\000a}{}% 24
\BOOKMARK [0][-]{chapter*.22}{\376\377\000S\000p\000i\000s\000\040\000r\000y\000s\000u\000n\000k\000\363\000w}{}% 25
